========================
Fecha: 2025-02-22 17:23:41
Promoción de cambios a master
Último commit:
7ea1847 - env url (manulis, 47 seconds ago)
========================
Fecha: 2025-02-22 17:11:50
Promoción de cambios a master
Último commit:
7a89015 - [UP] Promocionando cambios a master (manulis, 42 minutes ago)
========================
Fecha: 2025-02-22 17:14:36
Promoción de cambios a master
Último commit:
6ca9d06 - CI (manulis, 3 minutes ago)=========================
Fecha: 2025-02-22 17:30:01
Promoción de cambios a master
Último commit:
4344d69 - Merge branch 'master' into develop (ManuVillalR, 55 seconds ago)
=========================
Fecha: 2025-02-22 17:30:45
Promoción de cambios a master
Último commit:
327e560 - CI (manulis, 42 seconds ago)
=========================
Fecha: 2025-02-22 17:43:44
Promoción de cambios a master
Último commit:
07d8363 - get base url (manulis, 4 minutes ago)
=========================
Fecha: 2025-02-23 10:24:08
Promoción de cambios a master
Último commit:
f8b8ead - [UP] ci agents (manulis, 3 minutes ago)
=========================
Fecha: 2025-02-23 10:28:50
Promoción de cambios a master
Último commit:
d6d75c1 - Merge branch 'develop' of https://github.com/manulis/todo-list-aws into develop (manulis, 54 seconds ago)
=========================
Fecha: 2025-02-23 11:28:16
Promoción de cambios a master
Último commit:
1c93ab9 - fix (manulis, 47 seconds ago)
=========================
Fecha: 2025-02-23 11:38:02
Promoción de cambios a master
Último commit:
6fd2a40 - [UP] (manulis, 45 seconds ago)
=========================
Fecha: 2025-02-23 11:40:28
Promoción de cambios a master
Último commit:
b4e32bc - CI (manulis, 2 minutes ago)
=========================
Fecha: 2025-02-23 11:48:43
Promoción de cambios a master
Último commit:
30e48ce - Merge branch 'develop' of https://github.com/manulis/todo-list-aws into develop (manulis, 86 seconds ago)
